
 dt of cycle       1 is controlled by shell          14642 of part         1

 time...........................   0.00000E+00
 time step......................   2.83473E-07
 kinetic energy.................   4.96999E+01
 internal energy................   1.00000E-20
 spring and damper energy.......   1.00000E-20
 system damping energy..........   0.00000E+00
 sliding interface energy.......   0.00000E+00
 external work..................   0.00000E+00
 eroded kinetic energy..........   0.00000E+00
 eroded internal energy.........   0.00000E+00
 eroded hourglass energy........   0.00000E+00
 total energy...................   4.96999E+01
 total energy / initial energy..   1.00000E+00
 energy ratio w/o eroded energy.   1.00000E+00
 global x velocity..............   0.00000E+00
 global y velocity..............   0.00000E+00
 global z velocity..............  -1.40978E+00
 cpu time per zone cycle............         0 nanoseconds
 average cpu time per zone cycle....     15616 nanoseconds
 average clock time per zone cycle..     12289 nanoseconds

 estimated total cpu time          =      3212 sec (       0 hrs 53 mins)
 estimated cpu time to complete    =      3205 sec (       0 hrs 53 mins)
 estimated total clock time        =      2528 sec (       0 hrs 42 mins)
 estimated clock time to complete  =      2522 sec (       0 hrs 42 mins)
